<?xml version="1.0" encoding="UTF-8"?>
<!-- Generated by org.testng.reporters.JUnitXMLReporter -->
<testsuite hostname="Karthik" name="Default test" tests="2" failures="0" timestamp="31 Jul 2018 16:46:28 GMT" time="0.835" errors="0">
  <testcase name="@BeforeMethod openApp" time="0.0" classname="week6.classroom.EditLeadWithReports">
    <failure type="org.testng.TestNGException" message="
Parameter &amp;apos;url&amp;apos; is required by @Configuration on method openApp but has not been marked @Optional or defined
in C:\Users\ravithei\AppData\Local\Temp\testng-eclipse-1991162505\testng-customsuite.xml">
      <![CDATA[org.testng.TestNGException: 
Parameter 'url' is required by @Configuration on method openApp but has not been marked @Optional or defined
in C:\Users\ravithei\AppData\Local\Temp\testng-eclipse-1991162505\testng-customsuite.xml
	at org.testng.internal.Parameters.createParameters(Parameters.java:154)
	at org.testng.internal.Parameters.createParameters(Parameters.java:361)
	at org.testng.internal.Parameters.createConfigurationParameters(Parameters.java:84)
	at org.testng.internal.Invoker.invokeConfigurations(Invoker.java:201)
	at org.testng.internal.Invoker.invokeMethod(Invoker.java:589)
	at org.testng.internal.Invoker.invokeTestMethod(Invoker.java:820)
	at org.testng.internal.Invoker.invokeTestMethods(Invoker.java:1128)
	at org.testng.internal.TestMethodWorker.invokeTestMethods(TestMethodWorker.java:129)
	at org.testng.internal.TestMethodWorker.run(TestMethodWorker.java:112)
	at org.testng.TestRunner.privateRun(TestRunner.java:782)
	at org.testng.TestRunner.run(TestRunner.java:632)
	at org.testng.SuiteRunner.runTest(SuiteRunner.java:366)
	at org.testng.SuiteRunner.runSequentially(SuiteRunner.java:361)
	at org.testng.SuiteRunner.privateRun(SuiteRunner.java:319)
	at org.testng.SuiteRunner.run(SuiteRunner.java:268)
	at org.testng.SuiteRunnerWorker.runSuite(SuiteRunnerWorker.java:52)
	at org.testng.SuiteRunnerWorker.run(SuiteRunnerWorker.java:86)
	at org.testng.TestNG.runSuitesSequentially(TestNG.java:1244)
	at org.testng.TestNG.runSuitesLocally(TestNG.java:1169)
	at org.testng.TestNG.run(TestNG.java:1064)
	at org.testng.remote.AbstractRemoteTestNG.run(AbstractRemoteTestNG.java:114)
	at org.testng.remote.RemoteTestNG.initAndRun(RemoteTestNG.java:251)
	at org.testng.remote.RemoteTestNG.main(RemoteTestNG.java:77)
]]>
    </failure>
  </testcase> <!-- @BeforeMethod openApp -->
  <testcase name="@AfterMethod browserClose" time="0.0" classname="week6.classroom.EditLeadWithReports">
    <skipped/>
  </testcase> <!-- @AfterMethod browserClose -->
  <testcase name="@BeforeMethod openApp" time="0.0" classname="week6.classroom.EditLeadWithReports">
    <skipped/>
  </testcase> <!-- @BeforeMethod openApp -->
  <testcase name="@AfterMethod browserClose" time="0.0" classname="week6.classroom.EditLeadWithReports">
    <skipped/>
  </testcase> <!-- @AfterMethod browserClose -->
  <testcase name="editLead" time="0.006" classname="week6.classroom.EditLeadWithReports">
    <skipped/>
  </testcase> <!-- editLead -->
  <testcase name="editLead" time="0.002" classname="week6.classroom.EditLeadWithReports">
    <skipped/>
  </testcase> <!-- editLead -->
</testsuite> <!-- Default test -->
