<?xml version="1.0" encoding="UTF-8"?>
<!-- Generated by org.testng.reporters.JUnitXMLReporter -->
<testsuite hostname="Karthik" name="Leads" tests="5" failures="4" timestamp="27 Jul 2018 18:01:03 GMT" time="160.478" errors="0">
  <testcase name="createLead" time="26.641" classname="wdmethods.testcase.CreateLeadSeImplemented"/>
  <testcase name="mergeLeads" time="0.001" classname="wdmethods.testcase.MergeLeadSeImplemented">
    <failure type="java.lang.Error" message="Unresolved compilation problem: 
	The method openApp(String, String, String) in the type Annotations is not applicable for the arguments ()
">
      <![CDATA[java.lang.Error: Unresolved compilation problem: 
	The method openApp(String, String, String) in the type Annotations is not applicable for the arguments ()

	at wdmethods.testcase.MergeLeadSeImplemented.mergeLeads(MergeLeadSeImplemented.java:12)
... Removed 24 stack frames]]>
    </failure>
  </testcase> <!-- mergeLeads -->
  <testcase name="duplicateLead" time="0.002" classname="wdmethods.testcase.DuplicateLeadSeImplemented">
    <failure type="java.lang.Error" message="Unresolved compilation problem: 
	The method openApp(String, String, String) in the type Annotations is not applicable for the arguments ()
">
      <![CDATA[java.lang.Error: Unresolved compilation problem: 
	The method openApp(String, String, String) in the type Annotations is not applicable for the arguments ()

	at wdmethods.testcase.DuplicateLeadSeImplemented.duplicateLead(DuplicateLeadSeImplemented.java:16)
... Removed 24 stack frames]]>
    </failure>
  </testcase> <!-- duplicateLead -->
  <testcase name="deleteLead" time="57.903" classname="wdmethods.testcase.DeleteLeadSeImplemented">
    <failure type="org.openqa.selenium.NoSuchElementException" message="no such element: Unable to locate element: {&amp;quot;method&amp;quot;:&amp;quot;link text&amp;quot;,&amp;quot;selector&amp;quot;:&amp;quot;Delete Lead&amp;quot;}
  (Session info: chrome=67.0.3396.99)
  (Driver info: chromedriver=2.40.565498 (ea082db3280dd6843ebfb08a625e3eb905c4f5ab),platform=Windows NT 10.0.17134 x86_64) (WARNING: The server did not provide any stacktrace information)
Command duration or timeout: 0 milliseconds
For documentation on this error, please visit: http://seleniumhq.org/exceptions/no_such_element.html
Build info: version: &amp;apos;3.9.1&amp;apos;, revision: &amp;apos;63f7b50&amp;apos;, time: &amp;apos;2018-02-07T22:25:02.294Z&amp;apos;
System info: host: &amp;apos;KARTHIK&amp;apos;, ip: &amp;apos;192.168.1.103&amp;apos;, os.name: &amp;apos;Windows 10&amp;apos;, os.arch: &amp;apos;amd64&amp;apos;, os.version: &amp;apos;10.0&amp;apos;, java.version: &amp;apos;1.8.0_171&amp;apos;
Driver info: org.openqa.selenium.chrome.ChromeDriver
Capabilities {acceptInsecureCerts: false, acceptSslCerts: false, applicationCacheEnabled: false, browserConnectionEnabled: false, browserName: chrome, chrome: {chromedriverVersion: 2.40.565498 (ea082db3280dd6..., userDataDir: C:\Users\ravithei\AppData\L...}, cssSelectorsEnabled: true, databaseEnabled: false, handlesAlerts: true, hasTouchScreen: false, javascriptEnabled: true, locationContextEnabled: true, mobileEmulationEnabled: false, nativeEvents: true, networkConnectionEnabled: false, pageLoadStrategy: normal, platform: XP, platformName: XP, rotatable: false, setWindowRect: true, takesHeapSnapshot: true, takesScreenshot: true, unexpectedAlertBehaviour: , unhandledPromptBehavior: , version: 67.0.3396.99, webStorageEnabled: true}
Session ID: 8f590c71657fe2d171528aa0e41d60cf
*** Element info: {Using=link text, value=Delete Lead}">
      <![CDATA[org.openqa.selenium.NoSuchElementException: no such element: Unable to locate element: {"method":"link text","selector":"Delete Lead"}
  (Session info: chrome=67.0.3396.99)
  (Driver info: chromedriver=2.40.565498 (ea082db3280dd6843ebfb08a625e3eb905c4f5ab),platform=Windows NT 10.0.17134 x86_64) (WARNING: The server did not provide any stacktrace information)
Command duration or timeout: 0 milliseconds
For documentation on this error, please visit: http://seleniumhq.org/exceptions/no_such_element.html
Build info: version: '3.9.1', revision: '63f7b50', time: '2018-02-07T22:25:02.294Z'
System info: host: 'KARTHIK', ip: '192.168.1.103', os.name: 'Windows 10', os.arch: 'amd64', os.version: '10.0', java.version: '1.8.0_171'
Driver info: org.openqa.selenium.chrome.ChromeDriver
Capabilities {acceptInsecureCerts: false, acceptSslCerts: false, applicationCacheEnabled: false, browserConnectionEnabled: false, browserName: chrome, chrome: {chromedriverVersion: 2.40.565498 (ea082db3280dd6..., userDataDir: C:\Users\ravithei\AppData\L...}, cssSelectorsEnabled: true, databaseEnabled: false, handlesAlerts: true, hasTouchScreen: false, javascriptEnabled: true, locationContextEnabled: true, mobileEmulationEnabled: false, nativeEvents: true, networkConnectionEnabled: false, pageLoadStrategy: normal, platform: XP, platformName: XP, rotatable: false, setWindowRect: true, takesHeapSnapshot: true, takesScreenshot: true, unexpectedAlertBehaviour: , unhandledPromptBehavior: , version: 67.0.3396.99, webStorageEnabled: true}
Session ID: 8f590c71657fe2d171528aa0e41d60cf
*** Element info: {Using=link text, value=Delete Lead}
	at org.openqa.selenium.remote.ErrorHandler.createThrowable(ErrorHandler.java:214)
	at org.openqa.selenium.remote.ErrorHandler.throwIfResponseFailed(ErrorHandler.java:166)
	at org.openqa.selenium.remote.http.JsonHttpResponseCodec.reconstructValue(JsonHttpResponseCodec.java:40)
	at org.openqa.selenium.remote.http.AbstractHttpResponseCodec.decode(AbstractHttpResponseCodec.java:80)
	at org.openqa.selenium.remote.http.AbstractHttpResponseCodec.decode(AbstractHttpResponseCodec.java:44)
	at org.openqa.selenium.remote.HttpCommandExecutor.execute(HttpCommandExecutor.java:160)
	at org.openqa.selenium.remote.service.DriverCommandExecutor.execute(DriverCommandExecutor.java:83)
	at org.openqa.selenium.remote.RemoteWebDriver.execute(RemoteWebDriver.java:601)
	at org.openqa.selenium.remote.RemoteWebDriver.findElement(RemoteWebDriver.java:371)
	at org.openqa.selenium.remote.RemoteWebDriver.findElementByLinkText(RemoteWebDriver.java:425)
	at wdmethods.testcase.DeleteLeadSeImplemented.deleteLead(DeleteLeadSeImplemented.java:41)
... Removed 28 stack frames]]>
    </failure>
  </testcase> <!-- deleteLead -->
  <testcase name="editLead" time="0.002" classname="wdmethods.testcase.EditLeadSeImplemented">
    <failure type="java.lang.Error" message="Unresolved compilation problem: 
	The method openApp(String, String, String) in the type Annotations is not applicable for the arguments ()
">
      <![CDATA[java.lang.Error: Unresolved compilation problem: 
	The method openApp(String, String, String) in the type Annotations is not applicable for the arguments ()

	at wdmethods.testcase.EditLeadSeImplemented.editLead(EditLeadSeImplemented.java:18)
... Removed 24 stack frames]]>
    </failure>
  </testcase> <!-- editLead -->
</testsuite> <!-- Leads -->
